Determining if the pthread_create exist failed with the following output:
Change Dir: /home/prasant/newarm/build/CMakeFiles/CMakeTmp

Run Build Command:"/usr/bin/make" "cmTC_70001/fast"
/usr/bin/make -f CMakeFiles/cmTC_70001.dir/build.make CMakeFiles/cmTC_70001.dir/build
make[1]: Entering directory '/home/prasant/newarm/build/CMakeFiles/CMakeTmp'
Building C object CMakeFiles/cmTC_70001.dir/CheckSymbolExists.c.o
/usr/bin/cc     -o CMakeFiles/cmTC_70001.dir/CheckSymbolExists.c.o   -c /home/prasant/newarm/build/CMakeFiles/CMakeTmp/CheckSymbolExists.c
Linking C executable cmTC_70001
/usr/bin/cmake -E cmake_link_script CMakeFiles/cmTC_70001.dir/link.txt --verbose=1
/usr/bin/cc       CMakeFiles/cmTC_70001.dir/CheckSymbolExists.c.o  -o cmTC_70001 -rdynamic 
CMakeFiles/cmTC_70001.dir/CheckSymbolExists.c.o: In function `main':
CheckSymbolExists.c:(.text+0x16): undefined reference to `pthread_create'
collect2: error: ld returned 1 exit status
CMakeFiles/cmTC_70001.dir/build.make:97: recipe for target 'cmTC_70001' failed
make[1]: *** [cmTC_70001] Error 1
make[1]: Leaving directory '/home/prasant/newarm/build/CMakeFiles/CMakeTmp'
Makefile:126: recipe for target 'cmTC_70001/fast' failed
make: *** [cmTC_70001/fast] Error 2

File /home/prasant/newarm/build/CMakeFiles/CMakeTmp/CheckSymbolExists.c:
/* */
#include <pthread.h>

int main(int argc, char** argv)
{
  (void)argv;
#ifndef pthread_create
  return ((int*)(&pthread_create))[argc];
#else
  (void)argc;
  return 0;
#endif
}

Determining if the function pthread_create exists in the pthreads failed with the following output:
Change Dir: /home/prasant/newarm/build/CMakeFiles/CMakeTmp

Run Build Command:"/usr/bin/make" "cmTC_7783b/fast"
/usr/bin/make -f CMakeFiles/cmTC_7783b.dir/build.make CMakeFiles/cmTC_7783b.dir/build
make[1]: Entering directory '/home/prasant/newarm/build/CMakeFiles/CMakeTmp'
Building C object CMakeFiles/cmTC_7783b.dir/CheckFunctionExists.c.o
/usr/bin/cc    -DCHECK_FUNCTION_EXISTS=pthread_create   -o CMakeFiles/cmTC_7783b.dir/CheckFunctionExists.c.o   -c /usr/share/cmake-3.5/Modules/CheckFunctionExists.c
Linking C executable cmTC_7783b
/usr/bin/cmake -E cmake_link_script CMakeFiles/cmTC_7783b.dir/link.txt --verbose=1
/usr/bin/cc   -DCHECK_FUNCTION_EXISTS=pthread_create    CMakeFiles/cmTC_7783b.dir/CheckFunctionExists.c.o  -o cmTC_7783b -rdynamic -lpthreads 
/usr/bin/ld: cannot find -lpthreads
collect2: error: ld returned 1 exit status
CMakeFiles/cmTC_7783b.dir/build.make:97: recipe for target 'cmTC_7783b' failed
make[1]: *** [cmTC_7783b] Error 1
make[1]: Leaving directory '/home/prasant/newarm/build/CMakeFiles/CMakeTmp'
Makefile:126: recipe for target 'cmTC_7783b/fast' failed
make: *** [cmTC_7783b/fast] Error 2


